Compiled jquery.js  (4ms)  (pid 6273)
Compiled jquery_ujs.js  (0ms)  (pid 6273)
Compiled bootstrap.js  (0ms)  (pid 6273)
Compiled home.js  (378ms)  (pid 6273)
Compiled application.js  (415ms)  (pid 6273)
Compiled application.css  (1668ms)  (pid 6273)
Compiled jquery.js  (4ms)  (pid 6273)
Compiled jquery_ujs.js  (0ms)  (pid 6273)
Compiled bootstrap.js  (0ms)  (pid 6273)
Compiled home.js  (118ms)  (pid 6273)
Compiled application.js  (166ms)  (pid 6273)
Compiled application.css  (1613ms)  (pid 6273)
Compiled jquery.js  (20ms)  (pid 3548)
Compiled jquery_ujs.js  (0ms)  (pid 3548)
Compiled bootstrap.js  (0ms)  (pid 3548)
Compiled home.js  (370ms)  (pid 3548)
Compiled application.js  (417ms)  (pid 3548)
Compiled application.css  (1621ms)  (pid 3548)
Compiled jquery.js  (4ms)  (pid 3548)
Compiled jquery_ujs.js  (0ms)  (pid 3548)
Compiled bootstrap.js  (0ms)  (pid 3548)
Compiled home.js  (113ms)  (pid 3548)
Compiled application.js  (156ms)  (pid 3548)
Compiled application.css  (1620ms)  (pid 3548)
